# project  configured on Tue Apr 28 12:58:52 2015 by
# waf 1.7.11 (abi 98, python 20708f0 on darwin)
# using /Users/filiploster/Documents/pebble-dev/PebbleSDK-current/Pebble/waf configure build
#
----------------------------------------
Setting top to
/Users/filiploster/Documents/pebble-dev/projects/PebbleKana
----------------------------------------
Setting out to
/Users/filiploster/Documents/pebble-dev/projects/PebbleKana/build
----------------------------------------
Found Pebble SDK for basalt in:
/Users/filiploster/Documents/pebble-dev/PebbleSDK-current/Pebble/basalt
----------------------------------------
Checking for program gcc,cc
arm-none-eabi-gcc
find program=['gcc', 'cc'] paths='' var='CC' -> 'arm-none-eabi-gcc'
----------------------------------------
Checking for program ar
arm-none-eabi-ar
find program=['ar'] paths='' var='AR' -> 'arm-none-eabi-ar'
----------------------------------------
Found Pebble SDK for aplite in:
/Users/filiploster/Documents/pebble-dev/PebbleSDK-current/Pebble/aplite
----------------------------------------
Checking for program gcc,cc
arm-none-eabi-gcc
find program=['gcc', 'cc'] paths='' var='CC' -> 'arm-none-eabi-gcc'
----------------------------------------
Checking for program ar
arm-none-eabi-ar
find program=['ar'] paths='' var='AR' -> 'arm-none-eabi-ar'
